<?xml version="1.0" encoding="UTF-8"?>
<!-- Generated by org.testng.reporters.JUnitReportReporter -->
<testsuite hostname="HP_Rita" failures="1" tests="4" name="CumumberOptions.TestNGRunner" time="43.272" errors="0" timestamp="2023-12-30T16:07:20 IST" skipped="0">
  <testcase classname="CumumberOptions.TestNGRunner" name="runScenario" time="10.442"/>
  <testcase classname="CumumberOptions.TestNGRunner" name="runScenario" time="11.450">
    <failure message="expected [Beetroot] but found [No data]" type="java.lang.AssertionError">
      <![CDATA[java.lang.AssertionError: expected [Beetroot] but found [No data]
at org.testng.Assert.fail(Assert.java:111)
at org.testng.Assert.failNotEquals(Assert.java:1578)
at org.testng.Assert.assertEqualsImpl(Assert.java:150)
at org.testng.Assert.assertEquals(Assert.java:132)
at org.testng.Assert.assertEquals(Assert.java:656)
at org.testng.Assert.assertEquals(Assert.java:666)
at stepDefinitions.OfferPagePageStepDefinition.validate_product_name_in_offers_page_matches_with_landing_page(OfferPagePageStepDefinition.java:66)
at âœ½.validate product name in offers page matches with Landing Page.(file:///D:/Demo/CucumberFramework/src/test/java/features/searchProduct.feature:8)
]]>
    </failure>
  </testcase> <!-- runScenario -->
  <testcase classname="CumumberOptions.TestNGRunner" name="runScenario" time="10.118"/>
  <testcase classname="CumumberOptions.TestNGRunner" name="runScenario" time="11.262"/>
</testsuite> <!-- CumumberOptions.TestNGRunner -->
